This is pdfTeX, Version 3.1415926-2.5-1.40.14 (TeX Live 2013/Debian) (format=pdflatex 2017.11.28)  28 NOV 2017 23:45
entering extended mode
 restricted \write18 enabled.
 %&-line parsing enabled.
**my.tex
(./my.tex
LaTeX2e <2011/06/27>
Babel <3.9h> and hyphenation patterns for 2 languages loaded.
(/usr/share/texlive/texmf-dist/tex/latex/base/article.cls
Document Class: article 2007/10/19 v1.4h Standard LaTeX document class
(/usr/share/texlive/texmf-dist/tex/latex/base/size11.clo
File: size11.clo 2007/10/19 v1.4h Standard LaTeX file (size option)
)
\c@part=\count79
\c@section=\count80
\c@subsection=\count81
\c@subsubsection=\count82
\c@paragraph=\count83
\c@subparagraph=\count84
\c@figure=\count85
\c@table=\count86
\abovecaptionskip=\skip41
\belowcaptionskip=\skip42
\bibindent=\dimen102
)
\outerbordwidth=\skip43


! LaTeX Error: File `xcolor.sty' not found.

Type X to quit or <RETURN> to proceed,
or enter new name. (Default extension: sty)

Enter file name: 

! LaTeX Error: Unknown option `svgnames' for package `xcolor'.

See the LaTeX manual or LaTeX Companion for explanation.
Type  H <return>  for immediate help.
 ...                                              
                                                  
l.7 \usepackage
               {framed}
? 

! LaTeX Error: File `framed.sty' not found.

Type X to quit or <RETURN> to proceed,
or enter new name. (Default extension: sty)

Enter file name: 

! LaTeX Error: File `tocloft.sty' not found.

Type X to quit or <RETURN> to proceed,
or enter new name. (Default extension: sty)

Enter file name: 
! Undefined control sequence.
l.15 \definecolor
                 {shadecolor}{gray}{0.75}  % Outer background color of title...

? 

! LaTeX Error: Missing \begin{document}.

See the LaTeX manual or LaTeX Companion for explanation.
Type  H <return>  for immediate help.
 ...                                              
                                                  
l.15 \definecolor{s
                   hadecolor}{gray}{0.75}  % Outer background color of title...

? 
! Undefined control sequence.
l.16 \definecolor
                 {shadecolorB}{gray}{0.93}  % Inner background color of titl...

? 
No file my.aux.
\openout1 = `my.aux'.

LaTeX Font Info:    Checking defaults for OML/cmm/m/it on input line 54.
LaTeX Font Info:    ... okay on input line 54.
LaTeX Font Info:    Checking defaults for T1/cmr/m/n on input line 54.
LaTeX Font Info:    ... okay on input line 54.
LaTeX Font Info:    Checking defaults for OT1/cmr/m/n on input line 54.
LaTeX Font Info:    ... okay on input line 54.
LaTeX Font Info:    Checking defaults for OMS/cmsy/m/n on input line 54.
LaTeX Font Info:    ... okay on input line 54.
LaTeX Font Info:    Checking defaults for OMX/cmex/m/n on input line 54.
LaTeX Font Info:    ... okay on input line 54.
LaTeX Font Info:    Checking defaults for U/cmr/m/n on input line 54.
LaTeX Font Info:    ... okay on input line 54.
LaTeX Font Info:    External font `cmex10' loaded for size
(Font)              <10.95> on input line 56.
LaTeX Font Info:    External font `cmex10' loaded for size
(Font)              <8> on input line 56.
LaTeX Font Info:    External font `cmex10' loaded for size
(Font)              <6> on input line 56.
! Undefined control sequence.
<argument> \FrameSep 
                     
l.65 \resheading{EDUCATION}
                           
? 
! Missing number, treated as zero.
<to be read again> 
                   \relax 
l.65 \resheading{EDUCATION}
                           
? 
! Illegal unit of measure (pt inserted).
<to be read again> 
                   \relax 
l.65 \resheading{EDUCATION}
                           
? 

! LaTeX Error: Environment shaded undefined.

See the LaTeX manual or LaTeX Companion for explanation.
Type  H <return>  for immediate help.
 ...                                              
                                                  
l.65 \resheading{EDUCATION}
                           
? 
! Undefined control sequence.
<argument> \setlength {\fboxsep }{4pt}\fcolorbox 
                                                 {shadecolorB}{shadecolorB}{...
l.65 \resheading{EDUCATION}
                           
? 

! LaTeX Error: \begin{document} ended by \end{shaded}.

See the LaTeX manual or LaTeX Companion for explanation.
Type  H <return>  for immediate help.
 ...                                              
                                                  
l.65 \resheading{EDUCATION}
                           
? 

Underfull \hbox (badness 10000) in paragraph at lines 65--65

 []

LaTeX Font Info:    Try loading font information for OMS+cmr on input line 69.
(/usr/share/texlive/texmf-dist/tex/latex/base/omscmr.fd
File: omscmr.fd 1999/05/25 v2.5h Standard LaTeX font definitions
)
LaTeX Font Info:    Font shape `OMS/cmr/m/n' in size <10.95> not available
(Font)              Font shape `OMS/cmsy/m/n' tried instead on input line 69.

! Undefined control sequence.
<argument> l@{\cftdotfill 
                          {\cftsecdotsep }\extracolsep {\fill }}r
l.69 ...in Computer Science and Engineering}{2017}
                                                  
? 
! Undefined control sequence.
<argument> l@{\cftdotfill {\cftsecdotsep 
                                         }\extracolsep {\fill }}r
l.69 ...in Computer Science and Engineering}{2017}
                                                  
? 
! Undefined control sequence.
<argument> l@{\cftdotfill 
                          {\cftsecdotsep }\extracolsep {\fill }}r
l.76 ...Intermediate first and second year }{2011}
                                                  
? 
! Undefined control sequence.
<argument> l@{\cftdotfill {\cftsecdotsep 
                                         }\extracolsep {\fill }}r
l.76 ...Intermediate first and second year }{2011}
                                                  
? 
! Undefined control sequence.
<argument> l@{\cftdotfill 
                          {\cftsecdotsep }\extracolsep {\fill }}r
l.77 ...{Vijayawada, India}{ Senior School }{2009}
                                                  
? 
! Undefined control sequence.
<argument> l@{\cftdotfill {\cftsecdotsep 
                                         }\extracolsep {\fill }}r
l.77 ...{Vijayawada, India}{ Senior School }{2009}
                                                  
? 
! Undefined control sequence.
<argument> \FrameSep 
                     
l.82 \resheading{SCHOLASTIC ACHIEVEMENTS}
                                         
? 
! Missing number, treated as zero.
<to be read again> 
                   \relax 
l.82 \resheading{SCHOLASTIC ACHIEVEMENTS}
                                         
? 
! Illegal unit of measure (pt inserted).
<to be read again> 
                   \relax 
l.82 \resheading{SCHOLASTIC ACHIEVEMENTS}
                                         
? 

! LaTeX Error: Environment shaded undefined.

See the LaTeX manual or LaTeX Companion for explanation.
Type  H <return>  for immediate help.
 ...                                              
                                                  
l.82 \resheading{SCHOLASTIC ACHIEVEMENTS}
                                         
? 
! Undefined control sequence.
<argument> \setlength {\fboxsep }{4pt}\fcolorbox 
                                                 {shadecolorB}{shadecolorB}{...
l.82 \resheading{SCHOLASTIC ACHIEVEMENTS}
                                         
? 

! LaTeX Error: \begin{document} ended by \end{shaded}.

See the LaTeX manual or LaTeX Companion for explanation.
Type  H <return>  for immediate help.
 ...                                              
                                                  
l.82 \resheading{SCHOLASTIC ACHIEVEMENTS}
                                         
? 

Underfull \hbox (badness 10000) in paragraph at lines 82--82

 []

! Undefined control sequence.
\@sharp ->South Indian Maths Olympaid \cftdotfill 
                                                  {\cftdotsep } 11th rank
l.86 ...lympaid \cftdotfill{\cftdotsep} 11th rank}
                                                  \\
? 
! Undefined control sequence.
\@sharp ...Maths Olympaid \cftdotfill {\cftdotsep 
                                                  } 11th rank
l.86 ...lympaid \cftdotfill{\cftdotsep} 11th rank}
                                                  \\
? 
! Undefined control sequence.
\@sharp ->Indian Chemistry Olympaid \cftdotfill 
                                                {\cftdotsep } qualified for ...
l.87 ...alified for the Indian Chemistry Olympaid}
                                                  \\
? 
! Undefined control sequence.
\@sharp ...istry Olympaid \cftdotfill {\cftdotsep 
                                                  } qualified for the Indian...
l.87 ...alified for the Indian Chemistry Olympaid}
                                                  \\
? 
! Undefined control sequence.
\@sharp ->Joint Entrance Examination \cftdotfill 
                                                 {\cftdotsep } 37th(SC) rank
l.88 ...ion \cftdotfill{\cftdotsep} 37th(SC) rank}
                                                  \\
? 
! Undefined control sequence.
\@sharp ...ce Examination \cftdotfill {\cftdotsep 
                                                  } 37th(SC) rank
l.88 ...ion \cftdotfill{\cftdotsep} 37th(SC) rank}
                                                  \\
? 
! Undefined control sequence.
\@sharp ...ering Entrance Examination \cftdotfill 
                                                  {\cftdotsep } 8th(B Arc) rank
l.89 ...n \cftdotfill{\cftdotsep} 8th(B Arc) rank}
                                                  \\
? 
! Undefined control sequence.
\@sharp ...ce Examination \cftdotfill {\cftdotsep 
                                                  } 8th(B Arc) rank
l.89 ...n \cftdotfill{\cftdotsep} 8th(B Arc) rank}
                                                  \\
? 
! Undefined control sequence.
<argument> \FrameSep 
                     
l.95 \resheading{IIT DELHI THESIS}
                                  
? 
! Missing number, treated as zero.
<to be read again> 
                   \relax 
l.95 \resheading{IIT DELHI THESIS}
                                  
? 
! Illegal unit of measure (pt inserted).
<to be read again> 
                   \relax 
l.95 \resheading{IIT DELHI THESIS}
                                  
? 

! LaTeX Error: Environment shaded undefined.

See the LaTeX manual or LaTeX Companion for explanation.
Type  H <return>  for immediate help.
 ...                                              
                                                  
l.95 \resheading{IIT DELHI THESIS}
                                  
? 
! Undefined control sequence.
<argument> \setlength {\fboxsep }{4pt}\fcolorbox 
                                                 {shadecolorB}{shadecolorB}{...
l.95 \resheading{IIT DELHI THESIS}
                                  
? 

! LaTeX Error: \begin{document} ended by \end{shaded}.

See the LaTeX manual or LaTeX Companion for explanation.
Type  H <return>  for immediate help.
 ...                                              
                                                  
l.95 \resheading{IIT DELHI THESIS}
                                  
? 

Underfull \hbox (badness 10000) in paragraph at lines 95--95

 []

Missing character: There is no ‚ in font cmr10!
Missing character: There is no Ä in font cmr10!
Missing character: There is no ú in font cmr10!
Missing character: There is no ‚ in font cmr10!
Missing character: There is no Ä in font cmr10!
Missing character: There is no ù in font cmr10!
[1

{/var/lib/texmf/fonts/map/pdftex/updmap/pdftex.map}]
! Undefined control sequence.
<argument> \FrameSep 
                     
l.128 \resheading{PROJECTS}
                           
? 
! Missing number, treated as zero.
<to be read again> 
                   \relax 
l.128 \resheading{PROJECTS}
                           
? 
! Illegal unit of measure (pt inserted).
<to be read again> 
                   \relax 
l.128 \resheading{PROJECTS}
                           
? 

! LaTeX Error: Environment shaded undefined.

See the LaTeX manual or LaTeX Companion for explanation.
Type  H <return>  for immediate help.
 ...                                              
                                                  
l.128 \resheading{PROJECTS}
                           
? 
! Undefined control sequence.
<argument> \setlength {\fboxsep }{4pt}\fcolorbox 
                                                 {shadecolorB}{shadecolorB}{...
l.128 \resheading{PROJECTS}
                           
? 

! LaTeX Error: \begin{document} ended by \end{shaded}.

See the LaTeX manual or LaTeX Companion for explanation.
Type  H <return>  for immediate help.
 ...                                              
                                                  
l.128 \resheading{PROJECTS}
                           
? 

Underfull \hbox (badness 10000) in paragraph at lines 128--128

 []

[2]
! Undefined control sequence.
<argument> \FrameSep 
                     
l.201 \resheading{Internship}
                             
? 
! Missing number, treated as zero.
<to be read again> 
                   \relax 
l.201 \resheading{Internship}
                             
? 
! Illegal unit of measure (pt inserted).
<to be read again> 
                   \relax 
l.201 \resheading{Internship}
                             
? 

! LaTeX Error: Environment shaded undefined.

See the LaTeX manual or LaTeX Companion for explanation.
Type  H <return>  for immediate help.
 ...                                              
                                                  
l.201 \resheading{Internship}
                             
? 
! Undefined control sequence.
<argument> \setlength {\fboxsep }{4pt}\fcolorbox 
                                                 {shadecolorB}{shadecolorB}{...
l.201 \resheading{Internship}
                             
? 

! LaTeX Error: \begin{document} ended by \end{shaded}.

See the LaTeX manual or LaTeX Companion for explanation.
Type  H <return>  for immediate help.
 ...                                              
                                                  
l.201 \resheading{Internship}
                             
? 

Underfull \hbox (badness 10000) in paragraph at lines 201--201

 []

! Undefined control sequence.
<argument> \FrameSep 
                     
l.217 \resheading{POSITION OF RESPONSIBILITY}
                                             
? 
! Missing number, treated as zero.
<to be read again> 
                   \relax 
l.217 \resheading{POSITION OF RESPONSIBILITY}
                                             
? 
! Illegal unit of measure (pt inserted).
<to be read again> 
                   \relax 
l.217 \resheading{POSITION OF RESPONSIBILITY}
                                             
? 

! LaTeX Error: Environment shaded undefined.

See the LaTeX manual or LaTeX Companion for explanation.
Type  H <return>  for immediate help.
 ...                                              
                                                  
l.217 \resheading{POSITION OF RESPONSIBILITY}
                                             
? 
! Undefined control sequence.
<argument> \setlength {\fboxsep }{4pt}\fcolorbox 
                                                 {shadecolorB}{shadecolorB}{...
l.217 \resheading{POSITION OF RESPONSIBILITY}
                                             
? 

! LaTeX Error: \begin{document} ended by \end{shaded}.

See the LaTeX manual or LaTeX Companion for explanation.
Type  H <return>  for immediate help.
 ...                                              
                                                  
l.217 \resheading{POSITION OF RESPONSIBILITY}
                                             
? 

Underfull \hbox (badness 10000) in paragraph at lines 217--217

 []

Missing character: There is no ‚ in font cmr10!
Missing character: There is no Ä in font cmr10!
Missing character: There is no ò in font cmr10!
Missing character: There is no ‚ in font cmr10!
Missing character: There is no Ä in font cmr10!
Missing character: There is no ô in font cmr10!
Missing character: There is no ‚ in font cmr10!
Missing character: There is no Ä in font cmr10!
Missing character: There is no ò in font cmr10!
Missing character: There is no ‚ in font cmr10!
Missing character: There is no Ä in font cmr10!
Missing character: There is no ô in font cmr10!
Missing character: There is no ‚ in font cmr10!
Missing character: There is no Ä in font cmr10!
Missing character: There is no ô in font cmr10!
[3]
! Undefined control sequence.
<argument> \FrameSep 
                     
l.243 \resheading{EXPERIENCE}
                             
? 
! Missing number, treated as zero.
<to be read again> 
                   \relax 
l.243 \resheading{EXPERIENCE}
                             
? 
! Illegal unit of measure (pt inserted).
<to be read again> 
                   \relax 
l.243 \resheading{EXPERIENCE}
                             
? 

! LaTeX Error: Environment shaded undefined.

See the LaTeX manual or LaTeX Companion for explanation.
Type  H <return>  for immediate help.
 ...                                              
                                                  
l.243 \resheading{EXPERIENCE}
                             
? 
! Undefined control sequence.
<argument> \setlength {\fboxsep }{4pt}\fcolorbox 
                                                 {shadecolorB}{shadecolorB}{...
l.243 \resheading{EXPERIENCE}
                             
? 

! LaTeX Error: \begin{document} ended by \end{shaded}.

See the LaTeX manual or LaTeX Companion for explanation.
Type  H <return>  for immediate help.
 ...                                              
                                                  
l.243 \resheading{EXPERIENCE}
                             
? 

Underfull \hbox (badness 10000) in paragraph at lines 243--243

 []

! Undefined control sequence.
<argument> \FrameSep 
                     
l.271 \resheading{TECHNICAL SKILLS}
                                   
? 
! Missing number, treated as zero.
<to be read again> 
                   \relax 
l.271 \resheading{TECHNICAL SKILLS}
                                   
? 
! Illegal unit of measure (pt inserted).
<to be read again> 
                   \relax 
l.271 \resheading{TECHNICAL SKILLS}
                                   
? 

! LaTeX Error: Environment shaded undefined.

See the LaTeX manual or LaTeX Companion for explanation.
Type  H <return>  for immediate help.
 ...                                              
                                                  
l.271 \resheading{TECHNICAL SKILLS}
                                   
? 
! Undefined control sequence.
<argument> \setlength {\fboxsep }{4pt}\fcolorbox 
                                                 {shadecolorB}{shadecolorB}{...
l.271 \resheading{TECHNICAL SKILLS}
                                   
? 

! LaTeX Error: \begin{document} ended by \end{shaded}.

See the LaTeX manual or LaTeX Companion for explanation.
Type  H <return>  for immediate help.
 ...                                              
                                                  
l.271 \resheading{TECHNICAL SKILLS}
                                   
? 

Underfull \hbox (badness 10000) in paragraph at lines 271--271

 []

[4] (./my.aux) ) 
Here is how much of TeX's memory you used:
 268 strings out of 495028
 2983 string characters out of 6181496
 55153 words of memory out of 5000000
 3549 multiletter control sequences out of 15000+600000
 7928 words of font info for 28 fonts, out of 8000000 for 9000
 14 hyphenation exceptions out of 8191
 24i,8n,28p,486b,244s stack positions out of 5000i,500n,10000p,200000b,80000s
</usr/share/texlive/texmf-dist/fonts/type1/public/amsfonts/cm/c
mbx10.pfb></usr/share/texlive/texmf-dist/fonts/type1/public/amsfonts/cm/cmbx12.
pfb></usr/share/texlive/texmf-dist/fonts/type1/public/amsfonts/cm/cmr10.pfb></u
sr/share/texlive/texmf-dist/fonts/type1/public/amsfonts/cm/cmssbx10.pfb></usr/s
hare/texlive/texmf-dist/fonts/type1/public/amsfonts/cm/cmsy10.pfb></usr/share/t
exlive/texmf-dist/fonts/type1/public/amsfonts/cm/cmti10.pfb>
Output written on my.pdf (4 pages, 92313 bytes).
PDF statistics:
 41 PDF objects out of 1000 (max. 8388607)
 28 compressed objects within 1 object stream
 0 named destinations out of 1000 (max. 500000)
 1 words of extra memory for PDF output out of 10000 (max. 10000000)

